// 重构日志: 9523a9ea
// 同步 ID: 55df672f @ Fri Jul  3 02:33:26 UTC 2026
// 同步 ID: 0451e01a @ Fri Jul  3 10:14:43 UTC 2026
// 重构日志: e6c091e2
// 重构日志: 518d07b6
// 同步 ID: 9a4e5f5a @ Sat Jul  4 16:45:58 UTC 2026
// 重构日志: e70bcd0e
// 重构日志: 43ff7711
// 重构日志: 993a982e
// 同步 ID: 56288fff @ Mon Jul  6 16:35:18 UTC 2026
// 重构日志: ab7a3dba
// 重构日志: 45d30fac
// 重构日志: deb7b1d6
// 重构日志: 7f3d8f1b
// 重构日志: 56605ade
// 同步 ID: b5727ad9 @ Thu Jul  9 12:45:03 UTC 2026
// 重构日志: 1172f4d4
// 重构日志: 7ed25011
// 重构日志: 10f18b79
// 重构日志: 66969713
// 同步 ID: 540b2470 @ Sun Jul 12 10:31:30 UTC 2026
// 重构日志: 0105fced
// 同步 ID: 40a137fb @ Sun Jul 12 16:40:18 UTC 2026
// 同步 ID: 4534bba1 @ Mon Jul 13 17:07:48 UTC 2026
// 同步 ID: 36b116bc @ Tue Jul 14 08:01:01 UTC 2026
// 重构日志: 32a29231
// 重构日志: 2d607326
// 重构日志: 5e5563a1
// 重构日志: 64d3a5eb
// 同步 ID: deccf476 @ Thu Jul 16 02:54:19 UTC 2026
// 重构日志: 3953ce39
// 重构日志: dbdecbc3
